Построение начато 10.01.2021 12:57:16.
     1>Проект "C:\Users\Lenovo\Desktop\Lab_works\Л и ОА в ИЗ\Курсач\ALGR_Prima\ALGR_Prima\ALGR_Prima.vcxproj" в узле 2 (целевые объекты build).
     1>InitializeBuildStatus:
         Создание "Debug\ALGR_Prima.unsuccessfulbuild", так как было задано "AlwaysCreate".
       ClCompile:
         Для всех выходных данных обновления не требуется.
         C:\Program Files (x86)\Microsoft Visual Studio 10.0\VC\bin\CL.exe /c /ZI /nologo /W3 /WX- /Od /Oy- /D WIN32 /D _DEBUG /D _CONSOLE /D _UNICODE /D UNICODE /Gm /EHsc /RTC1 /MDd /GS /fp:precise /Zc:wchar_t /Zc:forScope /Yu"StdAfx.h" /Fp"Debug\ALGR_Prima.pch" /Fo"Debug\\" /Fd"Debug\vc100.pdb" /Gd /TP /analyze- /errorReport:prompt ALGR_Prima.cpp
         ALGR_Prima.cpp
     1>c:\users\lenovo\desktop\lab_works\л и оа в из\курсач\algr_prima\algr_prima\algr_prima.cpp(17): warning C4996: 'fopen': This function or variable may be unsafe. Consider using fopen_s instead. To disable deprecation, use _CRT_SECURE_NO_WARNINGS. See online help for details.
                 c:\program files (x86)\microsoft visual studio 10.0\vc\include\stdio.h(234): см. объявление "fopen"
     1>c:\users\lenovo\desktop\lab_works\л и оа в из\курсач\algr_prima\algr_prima\algr_prima.cpp(130): warning C4996: 'scanf': This function or variable may be unsafe. Consider using scanf_s instead. To disable deprecation, use _CRT_SECURE_NO_WARNINGS. See online help for details.
                 c:\program files (x86)\microsoft visual studio 10.0\vc\include\stdio.h(304): см. объявление "scanf"
     1>c:\users\lenovo\desktop\lab_works\л и оа в из\курсач\algr_prima\algr_prima\algr_prima.cpp(173): warning C4996: 'scanf': This function or variable may be unsafe. Consider using scanf_s instead. To disable deprecation, use _CRT_SECURE_NO_WARNINGS. See online help for details.
                 c:\program files (x86)\microsoft visual studio 10.0\vc\include\stdio.h(304): см. объявление "scanf"
     1>c:\users\lenovo\desktop\lab_works\л и оа в из\курсач\algr_prima\algr_prima\algr_prima.cpp(201): warning C4996: 'scanf': This function or variable may be unsafe. Consider using scanf_s instead. To disable deprecation, use _CRT_SECURE_NO_WARNINGS. See online help for details.
                 c:\program files (x86)\microsoft visual studio 10.0\vc\include\stdio.h(304): см. объявление "scanf"
     1>c:\users\lenovo\desktop\lab_works\л и оа в из\курсач\algr_prima\algr_prima\algr_prima.cpp(223): warning C4996: 'getch': The POSIX name for this item is deprecated. Instead, use the ISO C++ conformant name: _getch. See online help for details.
                 c:\program files (x86)\microsoft visual studio 10.0\vc\include\conio.h(128): см. объявление "getch"
       ManifestResourceCompile:
         Для всех выходных данных обновления не требуется.
       Link:
         C:\Program Files (x86)\Microsoft Visual Studio 10.0\VC\bin\link.exe /ERRORREPORT:PROMPT /OUT:"C:\Users\Lenovo\Desktop\Lab_works\Л и ОА в ИЗ\Курсач\ALGR_Prima\Debug\ALGR_Prima.exe" /INCREMENTAL /NOLOGO kernel32.lib user32.lib gdi32.lib winspool.lib comdlg32.lib advapi32.lib shell32.lib ole32.lib oleaut32.lib uuid.lib odbc32.lib odbccp32.lib /MANIFEST /ManifestFile:"Debug\ALGR_Prima.exe.intermediate.manifest" /MANIFESTUAC:"level='asInvoker' uiAccess='false'" /DEBUG /PDB:"C:\Users\Lenovo\Desktop\Lab_works\Л и ОА в ИЗ\Курсач\ALGR_Prima\Debug\ALGR_Prima.pdb" /SUBSYSTEM:CONSOLE /TLBID:1 /DYNAMICBASE /NXCOMPAT /IMPLIB:"C:\Users\Lenovo\Desktop\Lab_works\Л и ОА в ИЗ\Курсач\ALGR_Prima\Debug\ALGR_Prima.lib" /MACHINE:X86 Debug\ALGR_Prima.exe.embed.manifest.res
         Debug\ALGR_Prima.obj
         Debug\stdafx.obj
       Manifest:
         C:\Program Files (x86)\Microsoft SDKs\Windows\v7.0A\bin\mt.exe /nologo /verbose /out:"Debug\ALGR_Prima.exe.embed.manifest" /manifest Debug\ALGR_Prima.exe.intermediate.manifest
         Для всех выходных данных обновления не требуется.
       LinkEmbedManifest:
         Для всех выходных данных обновления не требуется.
         ALGR_Prima.vcxproj -> C:\Users\Lenovo\Desktop\Lab_works\Л и ОА в ИЗ\Курсач\ALGR_Prima\Debug\ALGR_Prima.exe
       FinalizeBuildStatus:
         Файл "Debug\ALGR_Prima.unsuccessfulbuild" удаляется.
         Обращение к "Debug\ALGR_Prima.lastbuildstate".
     1>Построение проекта "C:\Users\Lenovo\Desktop\Lab_works\Л и ОА в ИЗ\Курсач\ALGR_Prima\ALGR_Prima\ALGR_Prima.vcxproj" завершено (целевые объекты build).

Построение успешно завершено.

Затраченное время: 00:00:09.10
