C:\USERS\LENOVO\DESKTOP\LAB_WORKS\Л и ОА в ИЗ\Курсач\ALGR_PRIMA\ALGR_PRIMA\DEBUG\ALGR_PRIMA.EXE.EMBED.MANIFEST
C:\USERS\LENOVO\DESKTOP\LAB_WORKS\Л и ОА в ИЗ\Курсач\ALGR_PRIMA\ALGR_PRIMA\DEBUG\ALGR_PRIMA.EXE.EMBED.MANIFEST.RES
C:\USERS\LENOVO\DESKTOP\LAB_WORKS\Л и ОА в ИЗ\Курсач\ALGR_PRIMA\ALGR_PRIMA\DEBUG\ALGR_PRIMA.EXE.INTERMEDIATE.MANIFEST
C:\USERS\LENOVO\DESKTOP\LAB_WORKS\Л и ОА в ИЗ\Курсач\ALGR_PRIMA\ALGR_PRIMA\DEBUG\ALGR_PRIMA.OBJ
C:\USERS\LENOVO\DESKTOP\LAB_WORKS\Л и ОА в ИЗ\Курсач\ALGR_PRIMA\ALGR_PRIMA\DEBUG\ALGR_PRIMA.PCH
C:\Users\Lenovo\Desktop\Lab_works\Л и ОА в ИЗ\Курсач\ALGR_Prima\ALGR_Prima\Debug\ALGR_Prima.vcxprojResolveAssemblyReference.cache
C:\Users\Lenovo\Desktop\Lab_works\Л и ОА в ИЗ\Курсач\ALGR_Prima\ALGR_Prima\Debug\ALGR_Prima.write.1.tlog
C:\Users\Lenovo\Desktop\Lab_works\Л и ОА в ИЗ\Курсач\ALGR_Prima\ALGR_Prima\Debug\ALGR_Prima_manifest.rc
C:\Users\Lenovo\Desktop\Lab_works\Л и ОА в ИЗ\Курсач\ALGR_Prima\ALGR_Prima\Debug\cl.command.1.tlog
C:\Users\Lenovo\Desktop\Lab_works\Л и ОА в ИЗ\Курсач\ALGR_Prima\ALGR_Prima\Debug\CL.read.1.tlog
C:\Users\Lenovo\Desktop\Lab_works\Л и ОА в ИЗ\Курсач\ALGR_Prima\ALGR_Prima\Debug\CL.write.1.tlog
C:\Users\Lenovo\Desktop\Lab_works\Л и ОА в ИЗ\Курсач\ALGR_Prima\ALGR_Prima\Debug\link.16040.read.1.tlog
C:\Users\Lenovo\Desktop\Lab_works\Л и ОА в ИЗ\Курсач\ALGR_Prima\ALGR_Prima\Debug\link.16040.write.1.tlog
C:\Users\Lenovo\Desktop\Lab_works\Л и ОА в ИЗ\Курсач\ALGR_Prima\ALGR_Prima\Debug\link.16040-cvtres.read.1.tlog
C:\Users\Lenovo\Desktop\Lab_works\Л и ОА в ИЗ\Курсач\ALGR_Prima\ALGR_Prima\Debug\link.16040-cvtres.write.1.tlog
C:\Users\Lenovo\Desktop\Lab_works\Л и ОА в ИЗ\Курсач\ALGR_Prima\ALGR_Prima\Debug\link.command.1.tlog
C:\Users\Lenovo\Desktop\Lab_works\Л и ОА в ИЗ\Курсач\ALGR_Prima\ALGR_Prima\Debug\link.read.1.tlog
C:\Users\Lenovo\Desktop\Lab_works\Л и ОА в ИЗ\Курсач\ALGR_Prima\ALGR_Prima\Debug\link.write.1.tlog
C:\Users\Lenovo\Desktop\Lab_works\Л и ОА в ИЗ\Курсач\ALGR_Prima\ALGR_Prima\Debug\link-cvtres.read.1.tlog
C:\Users\Lenovo\Desktop\Lab_works\Л и ОА в ИЗ\Курсач\ALGR_Prima\ALGR_Prima\Debug\link-cvtres.write.1.tlog
C:\Users\Lenovo\Desktop\Lab_works\Л и ОА в ИЗ\Курсач\ALGR_Prima\ALGR_Prima\Debug\mt.command.1.tlog
C:\Users\Lenovo\Desktop\Lab_works\Л и ОА в ИЗ\Курсач\ALGR_Prima\ALGR_Prima\Debug\mt.read.1.tlog
C:\Users\Lenovo\Desktop\Lab_works\Л и ОА в ИЗ\Курсач\ALGR_Prima\ALGR_Prima\Debug\mt.write.1.tlog
C:\Users\Lenovo\Desktop\Lab_works\Л и ОА в ИЗ\Курсач\ALGR_Prima\ALGR_Prima\Debug\rc.command.1.tlog
C:\Users\Lenovo\Desktop\Lab_works\Л и ОА в ИЗ\Курсач\ALGR_Prima\ALGR_Prima\Debug\rc.read.1.tlog
C:\Users\Lenovo\Desktop\Lab_works\Л и ОА в ИЗ\Курсач\ALGR_Prima\ALGR_Prima\Debug\rc.write.1.tlog
C:\USERS\LENOVO\DESKTOP\LAB_WORKS\Л и ОА в ИЗ\Курсач\ALGR_PRIMA\ALGR_PRIMA\DEBUG\STDAFX.OBJ
C:\Users\Lenovo\Desktop\Lab_works\Л и ОА в ИЗ\Курсач\ALGR_Prima\ALGR_Prima\Debug\vc100.idb
C:\USERS\LENOVO\DESKTOP\LAB_WORKS\Л И ОА В ИЗ\КУРСАЧ\ALGR_PRIMA\ALGR_PRIMA\DEBUG\VC100.PDB
C:\USERS\LENOVO\DESKTOP\LAB_WORKS\Л и ОА в ИЗ\Курсач\ALGR_PRIMA\DEBUG\ALGR_PRIMA.EXE
C:\USERS\LENOVO\DESKTOP\LAB_WORKS\Л и ОА в ИЗ\Курсач\ALGR_PRIMA\DEBUG\ALGR_PRIMA.ILK
C:\USERS\LENOVO\DESKTOP\LAB_WORKS\Л И ОА В ИЗ\КУРСАЧ\ALGR_PRIMA\DEBUG\ALGR_PRIMA.PDB
